{"time":"2025-09-02 08:20:06.6733","event":"0","level":"DEBUG","logger":"LibraryManagementSystem.API.Program","message":"init main"}
{"time":"2025-09-02 08:20:07.2263","event":"0","level":"INFO","logger":"LibraryManagementSystem.API.Program","message":"✅ Test log: Application started"}
{"time":"2025-09-02 08:20:11.5644","event":"14","level":"INFO","logger":"Microsoft.Hosting.Lifetime","message":"Now listening on: https://localhost:7143","address":"https://localhost:7143","EventId":14,"EventName":"ListeningOnAddress"}
{"time":"2025-09-02 08:20:11.5843","event":"14","level":"INFO","logger":"Microsoft.Hosting.Lifetime","message":"Now listening on: http://localhost:5223","address":"http://localhost:5223","EventId":14,"EventName":"ListeningOnAddress"}
{"time":"2025-09-02 08:20:11.9039","event":"0","level":"INFO","logger":"Microsoft.Hosting.Lifetime","message":"Application started. Press Ctrl+C to shut down."}
{"time":"2025-09-02 08:20:11.9039","event":"0","level":"INFO","logger":"Microsoft.Hosting.Lifetime","message":"Hosting environment: Development","EnvName":"Development"}
{"time":"2025-09-02 08:20:11.9039","event":"0","level":"INFO","logger":"Microsoft.Hosting.Lifetime","message":"Content root path: C:\\Users\\Remah\\Desktop\\AST\\Projects\\LibraryManagementSystem\\LibraryManagementSystem","ContentRoot":"C:\\Users\\Remah\\Desktop\\AST\\Projects\\LibraryManagementSystem\\LibraryManagementSystem"}
{"time":"2025-09-02 08:23:18.5345","event":"30000","level":"WARN","logger":"Microsoft.EntityFrameworkCore.Model.Validation","message":"No store type was specified for the decimal property 'Price' on entity type 'Book'. This will cause values to be silently truncated if they do not fit in the default precision and scale. Explicitly specify the SQL server column type that can accommodate all the values in 'OnModelCreating' using 'HasColumnType', specify precision and scale using 'HasPrecision', or configure a value converter using 'HasConversion'.","url":"https://localhost/api/Account/registered","action":"register","property":"Price","entityType":"Book","EventId":30000,"EventName":"Microsoft.EntityFrameworkCore.Model.Validation.DecimalTypeDefaultWarning"}
{"time":"2025-09-02 08:26:34.4725","event":"0","level":"DEBUG","logger":"LibraryManagementSystem.API.Program","message":"init main"}
{"time":"2025-09-02 08:26:34.9008","event":"0","level":"INFO","logger":"LibraryManagementSystem.API.Program","message":"✅ Test log: Application started"}
{"time":"2025-09-02 08:26:36.0596","event":"14","level":"INFO","logger":"Microsoft.Hosting.Lifetime","message":"Now listening on: https://localhost:7143","address":"https://localhost:7143","EventId":14,"EventName":"ListeningOnAddress"}
{"time":"2025-09-02 08:26:36.0596","event":"14","level":"INFO","logger":"Microsoft.Hosting.Lifetime","message":"Now listening on: http://localhost:5223","address":"http://localhost:5223","EventId":14,"EventName":"ListeningOnAddress"}
{"time":"2025-09-02 08:26:36.2184","event":"0","level":"INFO","logger":"Microsoft.Hosting.Lifetime","message":"Application started. Press Ctrl+C to shut down."}
{"time":"2025-09-02 08:26:36.2184","event":"0","level":"INFO","logger":"Microsoft.Hosting.Lifetime","message":"Hosting environment: Development","EnvName":"Development"}
{"time":"2025-09-02 08:26:36.2184","event":"0","level":"INFO","logger":"Microsoft.Hosting.Lifetime","message":"Content root path: C:\\Users\\Remah\\Desktop\\AST\\Projects\\LibraryManagementSystem\\LibraryManagementSystem","ContentRoot":"C:\\Users\\Remah\\Desktop\\AST\\Projects\\LibraryManagementSystem\\LibraryManagementSystem"}
{"time":"2025-09-02 08:26:49.3791","event":"30000","level":"WARN","logger":"Microsoft.EntityFrameworkCore.Model.Validation","message":"No store type was specified for the decimal property 'Price' on entity type 'Book'. This will cause values to be silently truncated if they do not fit in the default precision and scale. Explicitly specify the SQL server column type that can accommodate all the values in 'OnModelCreating' using 'HasColumnType', specify precision and scale using 'HasPrecision', or configure a value converter using 'HasConversion'.","url":"https://localhost/api/Account/registered","action":"register","property":"Price","entityType":"Book","EventId":30000,"EventName":"Microsoft.EntityFrameworkCore.Model.Validation.DecimalTypeDefaultWarning"}
{"time":"2025-09-02 08:48:57.8012","event":"0","level":"DEBUG","logger":"LibraryManagementSystem.API.Program","message":"init main"}
{"time":"2025-09-02 08:48:57.8885","event":"0","level":"INFO","logger":"LibraryManagementSystem.API.Program","message":"✅ Test log: Application started"}
{"time":"2025-09-02 08:48:58.5210","event":"14","level":"INFO","logger":"Microsoft.Hosting.Lifetime","message":"Now listening on: https://localhost:7143","address":"https://localhost:7143","EventId":14,"EventName":"ListeningOnAddress"}
{"time":"2025-09-02 08:48:58.5210","event":"14","level":"INFO","logger":"Microsoft.Hosting.Lifetime","message":"Now listening on: http://localhost:5223","address":"http://localhost:5223","EventId":14,"EventName":"ListeningOnAddress"}
{"time":"2025-09-02 08:48:58.5927","event":"0","level":"INFO","logger":"Microsoft.Hosting.Lifetime","message":"Application started. Press Ctrl+C to shut down."}
{"time":"2025-09-02 08:48:58.5927","event":"0","level":"INFO","logger":"Microsoft.Hosting.Lifetime","message":"Hosting environment: Development","EnvName":"Development"}
{"time":"2025-09-02 08:48:58.5927","event":"0","level":"INFO","logger":"Microsoft.Hosting.Lifetime","message":"Content root path: C:\\Users\\Remah\\Desktop\\AST\\Projects\\LibraryManagementSystem\\LibraryManagementSystem","ContentRoot":"C:\\Users\\Remah\\Desktop\\AST\\Projects\\LibraryManagementSystem\\LibraryManagementSystem"}
{"time":"2025-09-02 08:49:05.6506","event":"0","level":"DEBUG","logger":"LibraryManagementSystem.API.Program","message":"init main"}
{"time":"2025-09-02 08:49:05.9766","event":"0","level":"INFO","logger":"LibraryManagementSystem.API.Program","message":"✅ Test log: Application started"}
{"time":"2025-09-02 08:49:07.4497","event":"14","level":"INFO","logger":"Microsoft.Hosting.Lifetime","message":"Now listening on: https://localhost:7143","address":"https://localhost:7143","EventId":14,"EventName":"ListeningOnAddress"}
{"time":"2025-09-02 08:49:07.4582","event":"14","level":"INFO","logger":"Microsoft.Hosting.Lifetime","message":"Now listening on: http://localhost:5223","address":"http://localhost:5223","EventId":14,"EventName":"ListeningOnAddress"}
{"time":"2025-09-02 08:49:07.6085","event":"0","level":"INFO","logger":"Microsoft.Hosting.Lifetime","message":"Application started. Press Ctrl+C to shut down."}
{"time":"2025-09-02 08:49:07.6085","event":"0","level":"INFO","logger":"Microsoft.Hosting.Lifetime","message":"Hosting environment: Development","EnvName":"Development"}
{"time":"2025-09-02 08:49:07.6085","event":"0","level":"INFO","logger":"Microsoft.Hosting.Lifetime","message":"Content root path: C:\\Users\\Remah\\Desktop\\AST\\Projects\\LibraryManagementSystem\\LibraryManagementSystem","ContentRoot":"C:\\Users\\Remah\\Desktop\\AST\\Projects\\LibraryManagementSystem\\LibraryManagementSystem"}
{"time":"2025-09-02 08:49:35.1584","event":"30000","level":"WARN","logger":"Microsoft.EntityFrameworkCore.Model.Validation","message":"No store type was specified for the decimal property 'Price' on entity type 'Book'. This will cause values to be silently truncated if they do not fit in the default precision and scale. Explicitly specify the SQL server column type that can accommodate all the values in 'OnModelCreating' using 'HasColumnType', specify precision and scale using 'HasPrecision', or configure a value converter using 'HasConversion'.","url":"https://localhost/api/Account/registered","action":"register","property":"Price","entityType":"Book","EventId":30000,"EventName":"Microsoft.EntityFrameworkCore.Model.Validation.DecimalTypeDefaultWarning"}
{"time":"2025-09-02 09:09:33.9707","event":"0","level":"DEBUG","logger":"LibraryManagementSystem.API.Program","message":"init main"}
{"time":"2025-09-02 09:09:34.0620","event":"0","level":"INFO","logger":"LibraryManagementSystem.API.Program","message":"✅ Test log: Application started"}
{"time":"2025-09-02 09:09:34.5799","event":"14","level":"INFO","logger":"Microsoft.Hosting.Lifetime","message":"Now listening on: https://localhost:7143","address":"https://localhost:7143","EventId":14,"EventName":"ListeningOnAddress"}
{"time":"2025-09-02 09:09:34.5799","event":"14","level":"INFO","logger":"Microsoft.Hosting.Lifetime","message":"Now listening on: http://localhost:5223","address":"http://localhost:5223","EventId":14,"EventName":"ListeningOnAddress"}
{"time":"2025-09-02 09:09:34.6748","event":"0","level":"INFO","logger":"Microsoft.Hosting.Lifetime","message":"Application started. Press Ctrl+C to shut down."}
{"time":"2025-09-02 09:09:34.6748","event":"0","level":"INFO","logger":"Microsoft.Hosting.Lifetime","message":"Hosting environment: Development","EnvName":"Development"}
{"time":"2025-09-02 09:09:34.6748","event":"0","level":"INFO","logger":"Microsoft.Hosting.Lifetime","message":"Content root path: C:\\Users\\Remah\\Desktop\\AST\\Projects\\LibraryManagementSystem\\LibraryManagementSystem","ContentRoot":"C:\\Users\\Remah\\Desktop\\AST\\Projects\\LibraryManagementSystem\\LibraryManagementSystem"}
{"time":"2025-09-02 09:09:41.9741","event":"0","level":"DEBUG","logger":"LibraryManagementSystem.API.Program","message":"init main"}
{"time":"2025-09-02 09:09:42.2662","event":"0","level":"INFO","logger":"LibraryManagementSystem.API.Program","message":"✅ Test log: Application started"}
{"time":"2025-09-02 09:09:43.4534","event":"14","level":"INFO","logger":"Microsoft.Hosting.Lifetime","message":"Now listening on: https://localhost:7143","address":"https://localhost:7143","EventId":14,"EventName":"ListeningOnAddress"}
{"time":"2025-09-02 09:09:43.4534","event":"14","level":"INFO","logger":"Microsoft.Hosting.Lifetime","message":"Now listening on: http://localhost:5223","address":"http://localhost:5223","EventId":14,"EventName":"ListeningOnAddress"}
{"time":"2025-09-02 09:09:43.5877","event":"0","level":"INFO","logger":"Microsoft.Hosting.Lifetime","message":"Application started. Press Ctrl+C to shut down."}
{"time":"2025-09-02 09:09:43.5877","event":"0","level":"INFO","logger":"Microsoft.Hosting.Lifetime","message":"Hosting environment: Development","EnvName":"Development"}
{"time":"2025-09-02 09:09:43.5877","event":"0","level":"INFO","logger":"Microsoft.Hosting.Lifetime","message":"Content root path: C:\\Users\\Remah\\Desktop\\AST\\Projects\\LibraryManagementSystem\\LibraryManagementSystem","ContentRoot":"C:\\Users\\Remah\\Desktop\\AST\\Projects\\LibraryManagementSystem\\LibraryManagementSystem"}
{"time":"2025-09-02 09:10:28.8485","event":"30000","level":"WARN","logger":"Microsoft.EntityFrameworkCore.Model.Validation","message":"No store type was specified for the decimal property 'Price' on entity type 'Book'. This will cause values to be silently truncated if they do not fit in the default precision and scale. Explicitly specify the SQL server column type that can accommodate all the values in 'OnModelCreating' using 'HasColumnType', specify precision and scale using 'HasPrecision', or configure a value converter using 'HasConversion'.","url":"https://localhost/api/Account/registered","action":"register","property":"Price","entityType":"Book","EventId":30000,"EventName":"Microsoft.EntityFrameworkCore.Model.Validation.DecimalTypeDefaultWarning"}
{"time":"2025-09-02 09:12:28.0059","event":"0","level":"DEBUG","logger":"LibraryManagementSystem.API.Program","message":"init main"}
{"time":"2025-09-02 09:12:28.3191","event":"0","level":"INFO","logger":"LibraryManagementSystem.API.Program","message":"✅ Test log: Application started"}
{"time":"2025-09-02 09:12:29.4211","event":"14","level":"INFO","logger":"Microsoft.Hosting.Lifetime","message":"Now listening on: https://localhost:7143","address":"https://localhost:7143","EventId":14,"EventName":"ListeningOnAddress"}
{"time":"2025-09-02 09:12:29.4211","event":"14","level":"INFO","logger":"Microsoft.Hosting.Lifetime","message":"Now listening on: http://localhost:5223","address":"http://localhost:5223","EventId":14,"EventName":"ListeningOnAddress"}
{"time":"2025-09-02 09:12:29.5360","event":"0","level":"INFO","logger":"Microsoft.Hosting.Lifetime","message":"Application started. Press Ctrl+C to shut down."}
{"time":"2025-09-02 09:12:29.5360","event":"0","level":"INFO","logger":"Microsoft.Hosting.Lifetime","message":"Hosting environment: Development","EnvName":"Development"}
{"time":"2025-09-02 09:12:29.5360","event":"0","level":"INFO","logger":"Microsoft.Hosting.Lifetime","message":"Content root path: C:\\Users\\Remah\\Desktop\\AST\\Projects\\LibraryManagementSystem\\LibraryManagementSystem","ContentRoot":"C:\\Users\\Remah\\Desktop\\AST\\Projects\\LibraryManagementSystem\\LibraryManagementSystem"}
{"time":"2025-09-02 09:12:46.0918","event":"30000","level":"WARN","logger":"Microsoft.EntityFrameworkCore.Model.Validation","message":"No store type was specified for the decimal property 'Price' on entity type 'Book'. This will cause values to be silently truncated if they do not fit in the default precision and scale. Explicitly specify the SQL server column type that can accommodate all the values in 'OnModelCreating' using 'HasColumnType', specify precision and scale using 'HasPrecision', or configure a value converter using 'HasConversion'.","url":"https://localhost/api/Account/registered","action":"register","property":"Price","entityType":"Book","EventId":30000,"EventName":"Microsoft.EntityFrameworkCore.Model.Validation.DecimalTypeDefaultWarning"}
{"time":"2025-09-02 09:24:11.1368","event":"0","level":"INFO","logger":"LibraryManagementSystem.API.Services.EmailService","message":"error","url":"https://localhost/api/Account/registered","action":"register"}
{"time":"2025-09-02 09:24:11.5776","event":"0","level":"INFO","logger":"LibraryManagementSystem.API.Services.EmailService","message":"Mailjet.Client.TransactionalEmails.Response.SendEmailError","url":"https://localhost/api/Account/registered","action":"register"}
{"time":"2025-09-02 09:24:56.0647","event":"0","level":"INFO","logger":"LibraryManagementSystem.API.Services.EmailService","message":"error","url":"https://localhost/api/Account/registered","action":"register"}
{"time":"2025-09-02 09:24:56.0647","event":"0","level":"INFO","logger":"LibraryManagementSystem.API.Services.EmailService","message":"Mailjet.Client.TransactionalEmails.Response.SendEmailError","url":"https://localhost/api/Account/registered","action":"register"}
{"time":"2025-09-02 09:29:24.5777","event":"0","level":"INFO","logger":"LibraryManagementSystem.API.Services.EmailService","message":"error","url":"https://localhost/api/Account/registered","action":"register"}
{"time":"2025-09-02 09:29:25.0866","event":"0","level":"INFO","logger":"LibraryManagementSystem.API.Services.EmailService","message":"Mailjet.Client.TransactionalEmails.Response.SendEmailError","url":"https://localhost/api/Account/registered","action":"register"}
{"time":"2025-09-02 09:30:48.0256","event":"0","level":"INFO","logger":"LibraryManagementSystem.API.Services.EmailService","message":"error","url":"https://localhost/api/Account/registered","action":"register"}
{"time":"2025-09-02 09:30:48.0609","event":"0","level":"INFO","logger":"LibraryManagementSystem.API.Services.EmailService","message":"Mailjet.Client.TransactionalEmails.Response.SendEmailError","url":"https://localhost/api/Account/registered","action":"register"}
{"time":"2025-09-02 09:35:15.8324","event":"0","level":"INFO","logger":"LibraryManagementSystem.API.Services.EmailService","message":"error","url":"https://localhost/api/Account/registered","action":"register"}
{"time":"2025-09-02 09:47:26.0786","event":"0","level":"DEBUG","logger":"LibraryManagementSystem.API.Program","message":"init main"}
{"time":"2025-09-02 09:47:26.2052","event":"0","level":"INFO","logger":"LibraryManagementSystem.API.Program","message":"✅ Test log: Application started"}
{"time":"2025-09-02 09:47:26.9002","event":"14","level":"INFO","logger":"Microsoft.Hosting.Lifetime","message":"Now listening on: https://localhost:7143","address":"https://localhost:7143","EventId":14,"EventName":"ListeningOnAddress"}
{"time":"2025-09-02 09:47:26.9052","event":"14","level":"INFO","logger":"Microsoft.Hosting.Lifetime","message":"Now listening on: http://localhost:5223","address":"http://localhost:5223","EventId":14,"EventName":"ListeningOnAddress"}
{"time":"2025-09-02 09:47:26.9681","event":"0","level":"INFO","logger":"Microsoft.Hosting.Lifetime","message":"Application started. Press Ctrl+C to shut down."}
{"time":"2025-09-02 09:47:26.9681","event":"0","level":"INFO","logger":"Microsoft.Hosting.Lifetime","message":"Hosting environment: Development","EnvName":"Development"}
{"time":"2025-09-02 09:47:26.9681","event":"0","level":"INFO","logger":"Microsoft.Hosting.Lifetime","message":"Content root path: C:\\Users\\Remah\\Desktop\\AST\\Projects\\LibraryManagementSystem\\LibraryManagementSystem","ContentRoot":"C:\\Users\\Remah\\Desktop\\AST\\Projects\\LibraryManagementSystem\\LibraryManagementSystem"}
{"time":"2025-09-02 09:47:32.1365","event":"0","level":"DEBUG","logger":"LibraryManagementSystem.API.Program","message":"init main"}
{"time":"2025-09-02 09:47:32.5446","event":"0","level":"INFO","logger":"LibraryManagementSystem.API.Program","message":"✅ Test log: Application started"}
{"time":"2025-09-02 09:47:33.9925","event":"14","level":"INFO","logger":"Microsoft.Hosting.Lifetime","message":"Now listening on: https://localhost:7143","address":"https://localhost:7143","EventId":14,"EventName":"ListeningOnAddress"}
{"time":"2025-09-02 09:47:33.9925","event":"14","level":"INFO","logger":"Microsoft.Hosting.Lifetime","message":"Now listening on: http://localhost:5223","address":"http://localhost:5223","EventId":14,"EventName":"ListeningOnAddress"}
{"time":"2025-09-02 09:47:34.0849","event":"0","level":"INFO","logger":"Microsoft.Hosting.Lifetime","message":"Application started. Press Ctrl+C to shut down."}
{"time":"2025-09-02 09:47:34.0849","event":"0","level":"INFO","logger":"Microsoft.Hosting.Lifetime","message":"Hosting environment: Development","EnvName":"Development"}
{"time":"2025-09-02 09:47:34.0849","event":"0","level":"INFO","logger":"Microsoft.Hosting.Lifetime","message":"Content root path: C:\\Users\\Remah\\Desktop\\AST\\Projects\\LibraryManagementSystem\\LibraryManagementSystem","ContentRoot":"C:\\Users\\Remah\\Desktop\\AST\\Projects\\LibraryManagementSystem\\LibraryManagementSystem"}
{"time":"2025-09-02 09:48:17.5358","event":"30000","level":"WARN","logger":"Microsoft.EntityFrameworkCore.Model.Validation","message":"No store type was specified for the decimal property 'Price' on entity type 'Book'. This will cause values to be silently truncated if they do not fit in the default precision and scale. Explicitly specify the SQL server column type that can accommodate all the values in 'OnModelCreating' using 'HasColumnType', specify precision and scale using 'HasPrecision', or configure a value converter using 'HasConversion'.","url":"https://localhost/api/Account/registered","action":"register","property":"Price","entityType":"Book","EventId":30000,"EventName":"Microsoft.EntityFrameworkCore.Model.Validation.DecimalTypeDefaultWarning"}
{"time":"2025-09-02 09:48:36.0514","event":"0","level":"INFO","logger":"LibraryManagementSystem.API.Services.EmailService","message":"Mailjet Messages: [{\"Status\":\"error\",\"Errors\":[{\"ErrorIdentifier\":\"93a5662f-41ae-4b5f-9176-85f06c5927c0\",\"ErrorCode\":\"mj-0013\",\"StatusCode\":400,\"ErrorMessage\":\"\\u0022@gmail.com\\u0022 is an invalid email address.\",\"ErrorRelatedTo\":[\"From.Email\"]}],\"CustomID\":null,\"To\":null,\"Cc\":null,\"Bcc\":null}]","url":"https://localhost/api/Account/registered","action":"register"}
{"time":"2025-09-02 09:53:42.9455","event":"0","level":"INFO","logger":"LibraryManagementSystem.API.Services.EmailService","message":"Mailjet Messages: [{\"Status\":\"error\",\"Errors\":[{\"ErrorIdentifier\":\"c05df3b3-240e-4284-ae94-2cc3100942c4\",\"ErrorCode\":\"mj-0013\",\"StatusCode\":400,\"ErrorMessage\":\"\\u0022@gmail.com\\u0022 is an invalid email address.\",\"ErrorRelatedTo\":[\"From.Email\"]}],\"CustomID\":null,\"To\":null,\"Cc\":null,\"Bcc\":null}]","url":"https://localhost/api/Account/registered","action":"register"}
{"time":"2025-09-02 09:54:33.3671","event":"0","level":"DEBUG","logger":"LibraryManagementSystem.API.Program","message":"init main"}
{"time":"2025-09-02 09:54:33.7082","event":"0","level":"INFO","logger":"LibraryManagementSystem.API.Program","message":"✅ Test log: Application started"}
{"time":"2025-09-02 09:54:34.9540","event":"14","level":"INFO","logger":"Microsoft.Hosting.Lifetime","message":"Now listening on: https://localhost:7143","address":"https://localhost:7143","EventId":14,"EventName":"ListeningOnAddress"}
{"time":"2025-09-02 09:54:34.9659","event":"14","level":"INFO","logger":"Microsoft.Hosting.Lifetime","message":"Now listening on: http://localhost:5223","address":"http://localhost:5223","EventId":14,"EventName":"ListeningOnAddress"}
{"time":"2025-09-02 09:54:35.0654","event":"0","level":"INFO","logger":"Microsoft.Hosting.Lifetime","message":"Application started. Press Ctrl+C to shut down."}
{"time":"2025-09-02 09:54:35.0654","event":"0","level":"INFO","logger":"Microsoft.Hosting.Lifetime","message":"Hosting environment: Development","EnvName":"Development"}
{"time":"2025-09-02 09:54:35.0654","event":"0","level":"INFO","logger":"Microsoft.Hosting.Lifetime","message":"Content root path: C:\\Users\\Remah\\Desktop\\AST\\Projects\\LibraryManagementSystem\\LibraryManagementSystem","ContentRoot":"C:\\Users\\Remah\\Desktop\\AST\\Projects\\LibraryManagementSystem\\LibraryManagementSystem"}
{"time":"2025-09-02 09:56:29.6719","event":"30000","level":"WARN","logger":"Microsoft.EntityFrameworkCore.Model.Validation","message":"No store type was specified for the decimal property 'Price' on entity type 'Book'. This will cause values to be silently truncated if they do not fit in the default precision and scale. Explicitly specify the SQL server column type that can accommodate all the values in 'OnModelCreating' using 'HasColumnType', specify precision and scale using 'HasPrecision', or configure a value converter using 'HasConversion'.","url":"https://localhost/api/Account/registered","action":"register","property":"Price","entityType":"Book","EventId":30000,"EventName":"Microsoft.EntityFrameworkCore.Model.Validation.DecimalTypeDefaultWarning"}
{"time":"2025-09-02 09:56:48.8369","event":"0","level":"INFO","logger":"LibraryManagementSystem.API.Services.EmailService","message":"Mailjet Messages: [{\"Status\":\"error\",\"Errors\":[{\"ErrorIdentifier\":\"4ae27163-831a-4e64-abcd-c8f9a1173bf9\",\"ErrorCode\":\"send-0008\",\"StatusCode\":403,\"ErrorMessage\":\"\\u0022remahstrong@gmail.com\\u0022 is not an authorized sender email address for your account.\",\"ErrorRelatedTo\":[\"From\"]}],\"CustomID\":null,\"To\":null,\"Cc\":null,\"Bcc\":null}]","url":"https://localhost/api/Account/registered","action":"register"}
{"time":"2025-09-02 10:00:41.6467","event":"0","level":"DEBUG","logger":"LibraryManagementSystem.API.Program","message":"init main"}
{"time":"2025-09-02 10:00:41.7282","event":"0","level":"INFO","logger":"LibraryManagementSystem.API.Program","message":"✅ Test log: Application started"}
{"time":"2025-09-02 10:00:42.3895","event":"14","level":"INFO","logger":"Microsoft.Hosting.Lifetime","message":"Now listening on: https://localhost:7143","address":"https://localhost:7143","EventId":14,"EventName":"ListeningOnAddress"}
{"time":"2025-09-02 10:00:42.3895","event":"14","level":"INFO","logger":"Microsoft.Hosting.Lifetime","message":"Now listening on: http://localhost:5223","address":"http://localhost:5223","EventId":14,"EventName":"ListeningOnAddress"}
{"time":"2025-09-02 10:00:42.5503","event":"0","level":"INFO","logger":"Microsoft.Hosting.Lifetime","message":"Application started. Press Ctrl+C to shut down."}
{"time":"2025-09-02 10:00:42.5503","event":"0","level":"INFO","logger":"Microsoft.Hosting.Lifetime","message":"Hosting environment: Development","EnvName":"Development"}
{"time":"2025-09-02 10:00:42.5503","event":"0","level":"INFO","logger":"Microsoft.Hosting.Lifetime","message":"Content root path: C:\\Users\\Remah\\Desktop\\AST\\Projects\\LibraryManagementSystem\\LibraryManagementSystem","ContentRoot":"C:\\Users\\Remah\\Desktop\\AST\\Projects\\LibraryManagementSystem\\LibraryManagementSystem"}
{"time":"2025-09-02 10:01:23.1734","event":"30000","level":"WARN","logger":"Microsoft.EntityFrameworkCore.Model.Validation","message":"No store type was specified for the decimal property 'Price' on entity type 'Book'. This will cause values to be silently truncated if they do not fit in the default precision and scale. Explicitly specify the SQL server column type that can accommodate all the values in 'OnModelCreating' using 'HasColumnType', specify precision and scale using 'HasPrecision', or configure a value converter using 'HasConversion'.","url":"https://localhost/api/Account/registered","action":"register","property":"Price","entityType":"Book","EventId":30000,"EventName":"Microsoft.EntityFrameworkCore.Model.Validation.DecimalTypeDefaultWarning"}
{"time":"2025-09-02 10:01:26.9183","event":"0","level":"INFO","logger":"LibraryManagementSystem.API.Services.EmailService","message":"Mailjet Messages: [{\"Status\":\"error\",\"Errors\":[{\"ErrorIdentifier\":\"147508ea-1ec2-449d-80f2-ea9ce8a2b209\",\"ErrorCode\":\"send-0008\",\"StatusCode\":403,\"ErrorMessage\":\"\\u0022remahahha@gmail.com\\u0022 is not an authorized sender email address for your account.\",\"ErrorRelatedTo\":[\"From\"]}],\"CustomID\":null,\"To\":null,\"Cc\":null,\"Bcc\":null}]","url":"https://localhost/api/Account/registered","action":"register"}
{"time":"2025-09-02 10:01:47.3504","event":"0","level":"INFO","logger":"LibraryManagementSystem.API.Services.EmailService","message":"Mailjet Messages: [{\"Status\":\"error\",\"Errors\":[{\"ErrorIdentifier\":\"0302162b-d6af-44ae-a768-c364c49ac329\",\"ErrorCode\":\"send-0008\",\"StatusCode\":403,\"ErrorMessage\":\"\\u0022remahahha@gmail.com\\u0022 is not an authorized sender email address for your account.\",\"ErrorRelatedTo\":[\"From\"]}],\"CustomID\":null,\"To\":null,\"Cc\":null,\"Bcc\":null}]","url":"https://localhost/api/Account/registered","action":"register"}
{"time":"2025-09-02 10:02:02.5314","event":"0","level":"INFO","logger":"LibraryManagementSystem.API.Services.EmailService","message":"Mailjet Messages: [{\"Status\":\"error\",\"Errors\":[{\"ErrorIdentifier\":\"f2f78947-3640-4213-8c55-e7eeade3f139\",\"ErrorCode\":\"send-0008\",\"StatusCode\":403,\"ErrorMessage\":\"\\u0022remahahha@gmail.com\\u0022 is not an authorized sender email address for your account.\",\"ErrorRelatedTo\":[\"From\"]}],\"CustomID\":null,\"To\":null,\"Cc\":null,\"Bcc\":null}]","url":"https://localhost/api/Account/registered","action":"register"}
{"time":"2025-09-02 10:02:13.1397","event":"0","level":"DEBUG","logger":"LibraryManagementSystem.API.Program","message":"init main"}
{"time":"2025-09-02 10:02:13.4419","event":"0","level":"INFO","logger":"LibraryManagementSystem.API.Program","message":"✅ Test log: Application started"}
{"time":"2025-09-02 10:02:15.0647","event":"14","level":"INFO","logger":"Microsoft.Hosting.Lifetime","message":"Now listening on: https://localhost:7143","address":"https://localhost:7143","EventId":14,"EventName":"ListeningOnAddress"}
{"time":"2025-09-02 10:02:15.0647","event":"14","level":"INFO","logger":"Microsoft.Hosting.Lifetime","message":"Now listening on: http://localhost:5223","address":"http://localhost:5223","EventId":14,"EventName":"ListeningOnAddress"}
{"time":"2025-09-02 10:02:15.1626","event":"0","level":"INFO","logger":"Microsoft.Hosting.Lifetime","message":"Application started. Press Ctrl+C to shut down."}
{"time":"2025-09-02 10:02:15.1626","event":"0","level":"INFO","logger":"Microsoft.Hosting.Lifetime","message":"Hosting environment: Development","EnvName":"Development"}
{"time":"2025-09-02 10:02:15.1626","event":"0","level":"INFO","logger":"Microsoft.Hosting.Lifetime","message":"Content root path: C:\\Users\\Remah\\Desktop\\AST\\Projects\\LibraryManagementSystem\\LibraryManagementSystem","ContentRoot":"C:\\Users\\Remah\\Desktop\\AST\\Projects\\LibraryManagementSystem\\LibraryManagementSystem"}
{"time":"2025-09-02 10:02:19.2797","event":"30000","level":"WARN","logger":"Microsoft.EntityFrameworkCore.Model.Validation","message":"No store type was specified for the decimal property 'Price' on entity type 'Book'. This will cause values to be silently truncated if they do not fit in the default precision and scale. Explicitly specify the SQL server column type that can accommodate all the values in 'OnModelCreating' using 'HasColumnType', specify precision and scale using 'HasPrecision', or configure a value converter using 'HasConversion'.","url":"https://localhost/api/Account/registered","action":"register","property":"Price","entityType":"Book","EventId":30000,"EventName":"Microsoft.EntityFrameworkCore.Model.Validation.DecimalTypeDefaultWarning"}
{"time":"2025-09-02 10:02:40.7391","event":"0","level":"INFO","logger":"LibraryManagementSystem.API.Services.EmailService","message":"Mailjet Messages: [{\"Status\":\"error\",\"Errors\":[{\"ErrorIdentifier\":\"2d4f6227-ac64-496e-94f5-7d9b2493df5b\",\"ErrorCode\":\"send-0008\",\"StatusCode\":403,\"ErrorMessage\":\"\\u0022remahahha@gmail.com\\u0022 is not an authorized sender email address for your account.\",\"ErrorRelatedTo\":[\"From\"]}],\"CustomID\":null,\"To\":null,\"Cc\":null,\"Bcc\":null}]","url":"https://localhost/api/Account/registered","action":"register"}
{"time":"2025-09-02 10:06:19.6519","event":"0","level":"DEBUG","logger":"LibraryManagementSystem.API.Program","message":"init main"}
{"time":"2025-09-02 10:06:19.9717","event":"0","level":"INFO","logger":"LibraryManagementSystem.API.Program","message":"✅ Test log: Application started"}
{"time":"2025-09-02 10:06:21.0443","event":"14","level":"INFO","logger":"Microsoft.Hosting.Lifetime","message":"Now listening on: https://localhost:7143","address":"https://localhost:7143","EventId":14,"EventName":"ListeningOnAddress"}
{"time":"2025-09-02 10:06:21.0443","event":"14","level":"INFO","logger":"Microsoft.Hosting.Lifetime","message":"Now listening on: http://localhost:5223","address":"http://localhost:5223","EventId":14,"EventName":"ListeningOnAddress"}
{"time":"2025-09-02 10:06:21.1299","event":"0","level":"INFO","logger":"Microsoft.Hosting.Lifetime","message":"Application started. Press Ctrl+C to shut down."}
{"time":"2025-09-02 10:06:21.1299","event":"0","level":"INFO","logger":"Microsoft.Hosting.Lifetime","message":"Hosting environment: Development","EnvName":"Development"}
{"time":"2025-09-02 10:06:21.1299","event":"0","level":"INFO","logger":"Microsoft.Hosting.Lifetime","message":"Content root path: C:\\Users\\Remah\\Desktop\\AST\\Projects\\LibraryManagementSystem\\LibraryManagementSystem","ContentRoot":"C:\\Users\\Remah\\Desktop\\AST\\Projects\\LibraryManagementSystem\\LibraryManagementSystem"}
{"time":"2025-09-02 10:06:29.9229","event":"30000","level":"WARN","logger":"Microsoft.EntityFrameworkCore.Model.Validation","message":"No store type was specified for the decimal property 'Price' on entity type 'Book'. This will cause values to be silently truncated if they do not fit in the default precision and scale. Explicitly specify the SQL server column type that can accommodate all the values in 'OnModelCreating' using 'HasColumnType', specify precision and scale using 'HasPrecision', or configure a value converter using 'HasConversion'.","url":"https://localhost/api/Account/registered","action":"register","property":"Price","entityType":"Book","EventId":30000,"EventName":"Microsoft.EntityFrameworkCore.Model.Validation.DecimalTypeDefaultWarning"}
{"time":"2025-09-02 10:06:44.2400","event":"0","level":"INFO","logger":"LibraryManagementSystem.API.Services.EmailService","message":"Mailjet Messages: [{\"Status\":\"success\",\"Errors\":null,\"CustomID\":\"\",\"To\":[{\"Email\":\"ersder@sfgnail.com\",\"MessageUUID\":\"e64a98f4-8b7f-455f-a1bc-b28daabe097d\",\"MessageID\":576460784462236796,\"MessageHref\":\"https://api.mailjet.com/v3/REST/message/576460784462236796\"}],\"Cc\":[],\"Bcc\":[]}]","url":"https://localhost/api/Account/registered","action":"register"}
{"time":"2025-09-02 10:07:36.0215","event":"0","level":"INFO","logger":"LibraryManagementSystem.API.Services.EmailService","message":"Mailjet Messages: [{\"Status\":\"success\",\"Errors\":null,\"CustomID\":\"\",\"To\":[{\"Email\":\"rimahshaya@gmail.com\",\"MessageUUID\":\"3eba7581-9d7c-496f-825e-2eceedc1908d\",\"MessageID\":576460784462257458,\"MessageHref\":\"https://api.mailjet.com/v3/REST/message/576460784462257458\"}],\"Cc\":[],\"Bcc\":[]}]","url":"https://localhost/api/Account/registered","action":"register"}
{"time":"2025-09-02 10:17:10.1262","event":"0","level":"INFO","logger":"LibraryManagementSystem.API.Services.EmailService","message":"Mailjet Messages: [{\"Status\":\"success\",\"Errors\":null,\"CustomID\":\"\",\"To\":[{\"Email\":\"remahstrong@gmail.com\",\"MessageUUID\":\"a86171cd-a78f-4d67-8290-95cf2ed49031\",\"MessageID\":288230408309073353,\"MessageHref\":\"https://api.mailjet.com/v3/REST/message/288230408309073353\"}],\"Cc\":[],\"Bcc\":[]}]","url":"https://localhost/api/Account/registered","action":"register"}
{"time":"2025-09-02 10:18:05.0138","event":"0","level":"INFO","logger":"LibraryManagementSystem.API.Services.EmailService","message":"Mailjet Messages: [{\"Status\":\"success\",\"Errors\":null,\"CustomID\":\"\",\"To\":[{\"Email\":\"remahahha@gmail.com\",\"MessageUUID\":\"af532a92-1fed-4d91-8c94-2a7f9483d9e3\",\"MessageID\":1152921536767374080,\"MessageHref\":\"https://api.mailjet.com/v3/REST/message/1152921536767374080\"}],\"Cc\":[],\"Bcc\":[]}]","url":"https://localhost/api/Account/registered","action":"register"}
{"time":"2025-09-02 10:35:22.2786","event":"0","level":"DEBUG","logger":"LibraryManagementSystem.API.Program","message":"init main"}
{"time":"2025-09-02 10:35:22.6173","event":"0","level":"INFO","logger":"LibraryManagementSystem.API.Program","message":"✅ Test log: Application started"}
{"time":"2025-09-02 10:35:23.5602","event":"14","level":"INFO","logger":"Microsoft.Hosting.Lifetime","message":"Now listening on: https://localhost:7143","address":"https://localhost:7143","EventId":14,"EventName":"ListeningOnAddress"}
{"time":"2025-09-02 10:35:23.5650","event":"14","level":"INFO","logger":"Microsoft.Hosting.Lifetime","message":"Now listening on: http://localhost:5223","address":"http://localhost:5223","EventId":14,"EventName":"ListeningOnAddress"}
{"time":"2025-09-02 10:35:23.6251","event":"0","level":"INFO","logger":"Microsoft.Hosting.Lifetime","message":"Application started. Press Ctrl+C to shut down."}
{"time":"2025-09-02 10:35:23.6251","event":"0","level":"INFO","logger":"Microsoft.Hosting.Lifetime","message":"Hosting environment: Development","EnvName":"Development"}
{"time":"2025-09-02 10:35:23.6256","event":"0","level":"INFO","logger":"Microsoft.Hosting.Lifetime","message":"Content root path: C:\\Users\\Remah\\Desktop\\AST\\Projects\\LibraryManagementSystem\\LibraryManagementSystem","ContentRoot":"C:\\Users\\Remah\\Desktop\\AST\\Projects\\LibraryManagementSystem\\LibraryManagementSystem"}
{"time":"2025-09-02 10:35:34.9124","event":"30000","level":"WARN","logger":"Microsoft.EntityFrameworkCore.Model.Validation","message":"No store type was specified for the decimal property 'Price' on entity type 'Book'. This will cause values to be silently truncated if they do not fit in the default precision and scale. Explicitly specify the SQL server column type that can accommodate all the values in 'OnModelCreating' using 'HasColumnType', specify precision and scale using 'HasPrecision', or configure a value converter using 'HasConversion'.","url":"https://localhost/api/Account/confirm-email","action":"ConfirmEmail","property":"Price","entityType":"Book","EventId":30000,"EventName":"Microsoft.EntityFrameworkCore.Model.Validation.DecimalTypeDefaultWarning"}
{"time":"2025-09-02 10:42:32.4606","event":"0","level":"DEBUG","logger":"LibraryManagementSystem.API.Program","message":"init main"}
{"time":"2025-09-02 10:42:32.8504","event":"0","level":"INFO","logger":"LibraryManagementSystem.API.Program","message":"✅ Test log: Application started"}
{"time":"2025-09-02 10:42:33.8892","event":"14","level":"INFO","logger":"Microsoft.Hosting.Lifetime","message":"Now listening on: https://localhost:7143","address":"https://localhost:7143","EventId":14,"EventName":"ListeningOnAddress"}
{"time":"2025-09-02 10:42:33.8892","event":"14","level":"INFO","logger":"Microsoft.Hosting.Lifetime","message":"Now listening on: http://localhost:5223","address":"http://localhost:5223","EventId":14,"EventName":"ListeningOnAddress"}
{"time":"2025-09-02 10:42:33.9687","event":"0","level":"INFO","logger":"Microsoft.Hosting.Lifetime","message":"Application started. Press Ctrl+C to shut down."}
{"time":"2025-09-02 10:42:33.9687","event":"0","level":"INFO","logger":"Microsoft.Hosting.Lifetime","message":"Hosting environment: Development","EnvName":"Development"}
{"time":"2025-09-02 10:42:33.9687","event":"0","level":"INFO","logger":"Microsoft.Hosting.Lifetime","message":"Content root path: C:\\Users\\Remah\\Desktop\\AST\\Projects\\LibraryManagementSystem\\LibraryManagementSystem","ContentRoot":"C:\\Users\\Remah\\Desktop\\AST\\Projects\\LibraryManagementSystem\\LibraryManagementSystem"}
{"time":"2025-09-02 10:42:41.5404","event":"30000","level":"WARN","logger":"Microsoft.EntityFrameworkCore.Model.Validation","message":"No store type was specified for the decimal property 'Price' on entity type 'Book'. This will cause values to be silently truncated if they do not fit in the default precision and scale. Explicitly specify the SQL server column type that can accommodate all the values in 'OnModelCreating' using 'HasColumnType', specify precision and scale using 'HasPrecision', or configure a value converter using 'HasConversion'.","url":"https://localhost/api/Account/confirm-email","action":"ConfirmEmail","property":"Price","entityType":"Book","EventId":30000,"EventName":"Microsoft.EntityFrameworkCore.Model.Validation.DecimalTypeDefaultWarning"}
{"time":"2025-09-02 11:51:14.1276","event":"0","level":"DEBUG","logger":"LibraryManagementSystem.API.Program","message":"init main"}
{"time":"2025-09-02 11:51:14.3947","event":"0","level":"INFO","logger":"LibraryManagementSystem.API.Program","message":"✅ Test log: Application started"}
{"time":"2025-09-02 11:51:15.9996","event":"14","level":"INFO","logger":"Microsoft.Hosting.Lifetime","message":"Now listening on: https://localhost:7143","address":"https://localhost:7143","EventId":14,"EventName":"ListeningOnAddress"}
{"time":"2025-09-02 11:51:15.9996","event":"14","level":"INFO","logger":"Microsoft.Hosting.Lifetime","message":"Now listening on: http://localhost:5223","address":"http://localhost:5223","EventId":14,"EventName":"ListeningOnAddress"}
{"time":"2025-09-02 11:51:16.0911","event":"0","level":"INFO","logger":"Microsoft.Hosting.Lifetime","message":"Application started. Press Ctrl+C to shut down."}
{"time":"2025-09-02 11:51:16.0911","event":"0","level":"INFO","logger":"Microsoft.Hosting.Lifetime","message":"Hosting environment: Development","EnvName":"Development"}
{"time":"2025-09-02 11:51:16.0911","event":"0","level":"INFO","logger":"Microsoft.Hosting.Lifetime","message":"Content root path: C:\\Users\\Remah\\Desktop\\AST\\Projects\\LibraryManagementSystem\\LibraryManagementSystem","ContentRoot":"C:\\Users\\Remah\\Desktop\\AST\\Projects\\LibraryManagementSystem\\LibraryManagementSystem"}
{"time":"2025-09-02 11:52:48.1035","event":"30000","level":"WARN","logger":"Microsoft.EntityFrameworkCore.Model.Validation","message":"No store type was specified for the decimal property 'Price' on entity type 'Book'. This will cause values to be silently truncated if they do not fit in the default precision and scale. Explicitly specify the SQL server column type that can accommodate all the values in 'OnModelCreating' using 'HasColumnType', specify precision and scale using 'HasPrecision', or configure a value converter using 'HasConversion'.","url":"https://localhost/api/Account/confirm-email","action":"ConfirmEmail","property":"Price","entityType":"Book","EventId":30000,"EventName":"Microsoft.EntityFrameworkCore.Model.Validation.DecimalTypeDefaultWarning"}
{"time":"2025-09-02 11:53:15.1866","event":"0","level":"DEBUG","logger":"LibraryManagementSystem.API.Program","message":"init main"}
{"time":"2025-09-02 11:53:15.6631","event":"0","level":"INFO","logger":"LibraryManagementSystem.API.Program","message":"✅ Test log: Application started"}
{"time":"2025-09-02 11:53:16.6171","event":"14","level":"INFO","logger":"Microsoft.Hosting.Lifetime","message":"Now listening on: https://localhost:7143","address":"https://localhost:7143","EventId":14,"EventName":"ListeningOnAddress"}
{"time":"2025-09-02 11:53:16.6171","event":"14","level":"INFO","logger":"Microsoft.Hosting.Lifetime","message":"Now listening on: http://localhost:5223","address":"http://localhost:5223","EventId":14,"EventName":"ListeningOnAddress"}
{"time":"2025-09-02 11:53:16.6778","event":"0","level":"INFO","logger":"Microsoft.Hosting.Lifetime","message":"Application started. Press Ctrl+C to shut down."}
{"time":"2025-09-02 11:53:16.6778","event":"0","level":"INFO","logger":"Microsoft.Hosting.Lifetime","message":"Hosting environment: Development","EnvName":"Development"}
{"time":"2025-09-02 11:53:16.6778","event":"0","level":"INFO","logger":"Microsoft.Hosting.Lifetime","message":"Content root path: C:\\Users\\Remah\\Desktop\\AST\\Projects\\LibraryManagementSystem\\LibraryManagementSystem","ContentRoot":"C:\\Users\\Remah\\Desktop\\AST\\Projects\\LibraryManagementSystem\\LibraryManagementSystem"}
{"time":"2025-09-02 11:53:24.2301","event":"30000","level":"WARN","logger":"Microsoft.EntityFrameworkCore.Model.Validation","message":"No store type was specified for the decimal property 'Price' on entity type 'Book'. This will cause values to be silently truncated if they do not fit in the default precision and scale. Explicitly specify the SQL server column type that can accommodate all the values in 'OnModelCreating' using 'HasColumnType', specify precision and scale using 'HasPrecision', or configure a value converter using 'HasConversion'.","url":"https://localhost/api/Account/confirm-email","action":"ConfirmEmail","property":"Price","entityType":"Book","EventId":30000,"EventName":"Microsoft.EntityFrameworkCore.Model.Validation.DecimalTypeDefaultWarning"}
{"time":"2025-09-02 11:54:21.3121","event":"0","level":"DEBUG","logger":"LibraryManagementSystem.API.Program","message":"init main"}
{"time":"2025-09-02 11:54:21.7516","event":"0","level":"INFO","logger":"LibraryManagementSystem.API.Program","message":"✅ Test log: Application started"}
{"time":"2025-09-02 11:54:22.7439","event":"14","level":"INFO","logger":"Microsoft.Hosting.Lifetime","message":"Now listening on: https://localhost:7143","address":"https://localhost:7143","EventId":14,"EventName":"ListeningOnAddress"}
{"time":"2025-09-02 11:54:22.7486","event":"14","level":"INFO","logger":"Microsoft.Hosting.Lifetime","message":"Now listening on: http://localhost:5223","address":"http://localhost:5223","EventId":14,"EventName":"ListeningOnAddress"}
{"time":"2025-09-02 11:54:22.8138","event":"0","level":"INFO","logger":"Microsoft.Hosting.Lifetime","message":"Application started. Press Ctrl+C to shut down."}
{"time":"2025-09-02 11:54:22.8138","event":"0","level":"INFO","logger":"Microsoft.Hosting.Lifetime","message":"Hosting environment: Development","EnvName":"Development"}
{"time":"2025-09-02 11:54:22.8138","event":"0","level":"INFO","logger":"Microsoft.Hosting.Lifetime","message":"Content root path: C:\\Users\\Remah\\Desktop\\AST\\Projects\\LibraryManagementSystem\\LibraryManagementSystem","ContentRoot":"C:\\Users\\Remah\\Desktop\\AST\\Projects\\LibraryManagementSystem\\LibraryManagementSystem"}
{"time":"2025-09-02 11:54:26.2247","event":"30000","level":"WARN","logger":"Microsoft.EntityFrameworkCore.Model.Validation","message":"No store type was specified for the decimal property 'Price' on entity type 'Book'. This will cause values to be silently truncated if they do not fit in the default precision and scale. Explicitly specify the SQL server column type that can accommodate all the values in 'OnModelCreating' using 'HasColumnType', specify precision and scale using 'HasPrecision', or configure a value converter using 'HasConversion'.","url":"https://localhost/api/Account/confirm-email","action":"ConfirmEmail","property":"Price","entityType":"Book","EventId":30000,"EventName":"Microsoft.EntityFrameworkCore.Model.Validation.DecimalTypeDefaultWarning"}
{"time":"2025-09-02 12:04:00.6110","event":"0","level":"DEBUG","logger":"LibraryManagementSystem.API.Program","message":"init main"}
{"time":"2025-09-02 12:04:00.9526","event":"0","level":"INFO","logger":"LibraryManagementSystem.API.Program","message":"✅ Test log: Application started"}
{"time":"2025-09-02 12:04:01.9233","event":"14","level":"INFO","logger":"Microsoft.Hosting.Lifetime","message":"Now listening on: https://localhost:7143","address":"https://localhost:7143","EventId":14,"EventName":"ListeningOnAddress"}
{"time":"2025-09-02 12:04:01.9233","event":"14","level":"INFO","logger":"Microsoft.Hosting.Lifetime","message":"Now listening on: http://localhost:5223","address":"http://localhost:5223","EventId":14,"EventName":"ListeningOnAddress"}
{"time":"2025-09-02 12:04:01.9810","event":"0","level":"INFO","logger":"Microsoft.Hosting.Lifetime","message":"Application started. Press Ctrl+C to shut down."}
{"time":"2025-09-02 12:04:01.9810","event":"0","level":"INFO","logger":"Microsoft.Hosting.Lifetime","message":"Hosting environment: Development","EnvName":"Development"}
{"time":"2025-09-02 12:04:01.9810","event":"0","level":"INFO","logger":"Microsoft.Hosting.Lifetime","message":"Content root path: C:\\Users\\Remah\\Desktop\\AST\\Projects\\LibraryManagementSystem\\LibraryManagementSystem","ContentRoot":"C:\\Users\\Remah\\Desktop\\AST\\Projects\\LibraryManagementSystem\\LibraryManagementSystem"}
{"time":"2025-09-02 12:04:12.0644","event":"30000","level":"WARN","logger":"Microsoft.EntityFrameworkCore.Model.Validation","message":"No store type was specified for the decimal property 'Price' on entity type 'Book'. This will cause values to be silently truncated if they do not fit in the default precision and scale. Explicitly specify the SQL server column type that can accommodate all the values in 'OnModelCreating' using 'HasColumnType', specify precision and scale using 'HasPrecision', or configure a value converter using 'HasConversion'.","url":"https://localhost/api/Account/confirm-email","action":"ConfirmEmail","property":"Price","entityType":"Book","EventId":30000,"EventName":"Microsoft.EntityFrameworkCore.Model.Validation.DecimalTypeDefaultWarning"}
{"time":"2025-09-02 12:33:32.2484","event":"0","level":"INFO","logger":"LibraryManagementSystem.API.Services.EmailService","message":"Mailjet Messages: [{\"Status\":\"success\",\"Errors\":null,\"CustomID\":\"\",\"To\":[{\"Email\":\"remahstrong@gmail.com\",\"MessageUUID\":\"71584604-826e-474c-86e7-5d12643d2ec6\",\"MessageID\":576460784465634925,\"MessageHref\":\"https://api.mailjet.com/v3/REST/message/576460784465634925\"}],\"Cc\":[],\"Bcc\":[]}]","url":"https://localhost/api/Account/ForgotEmailOrPassword/remahstrong@gmail.com","action":"ForgotUsernameOrPassword"}
{"time":"2025-09-02 12:39:20.4019","event":"0","level":"DEBUG","logger":"LibraryManagementSystem.API.Program","message":"init main"}
{"time":"2025-09-02 12:39:20.7485","event":"0","level":"INFO","logger":"LibraryManagementSystem.API.Program","message":"✅ Test log: Application started"}
{"time":"2025-09-02 12:39:22.1599","event":"14","level":"INFO","logger":"Microsoft.Hosting.Lifetime","message":"Now listening on: https://localhost:7143","address":"https://localhost:7143","EventId":14,"EventName":"ListeningOnAddress"}
{"time":"2025-09-02 12:39:22.1744","event":"14","level":"INFO","logger":"Microsoft.Hosting.Lifetime","message":"Now listening on: http://localhost:5223","address":"http://localhost:5223","EventId":14,"EventName":"ListeningOnAddress"}
{"time":"2025-09-02 12:39:22.3940","event":"0","level":"INFO","logger":"Microsoft.Hosting.Lifetime","message":"Application started. Press Ctrl+C to shut down."}
{"time":"2025-09-02 12:39:22.3940","event":"0","level":"INFO","logger":"Microsoft.Hosting.Lifetime","message":"Hosting environment: Development","EnvName":"Development"}
{"time":"2025-09-02 12:39:22.3940","event":"0","level":"INFO","logger":"Microsoft.Hosting.Lifetime","message":"Content root path: C:\\Users\\Remah\\Desktop\\AST\\Projects\\LibraryManagementSystem\\LibraryManagementSystem","ContentRoot":"C:\\Users\\Remah\\Desktop\\AST\\Projects\\LibraryManagementSystem\\LibraryManagementSystem"}
{"time":"2025-09-02 12:39:23.9937","event":"30000","level":"WARN","logger":"Microsoft.EntityFrameworkCore.Model.Validation","message":"No store type was specified for the decimal property 'Price' on entity type 'Book'. This will cause values to be silently truncated if they do not fit in the default precision and scale. Explicitly specify the SQL server column type that can accommodate all the values in 'OnModelCreating' using 'HasColumnType', specify precision and scale using 'HasPrecision', or configure a value converter using 'HasConversion'.","url":"https://localhost/api/Account/resend-email-confirmation-link/remahstrong@gmail.com","action":"ResendEmailConfirmationLink","property":"Price","entityType":"Book","EventId":30000,"EventName":"Microsoft.EntityFrameworkCore.Model.Validation.DecimalTypeDefaultWarning"}
{"time":"2025-09-02 15:38:07.1354","event":"0","level":"DEBUG","logger":"LibraryManagementSystem.API.Program","message":"init main"}
{"time":"2025-09-02 15:38:07.5570","event":"0","level":"INFO","logger":"LibraryManagementSystem.API.Program","message":"✅ Test log: Application started"}
{"time":"2025-09-02 15:38:09.3668","event":"14","level":"INFO","logger":"Microsoft.Hosting.Lifetime","message":"Now listening on: https://localhost:7143","address":"https://localhost:7143","EventId":14,"EventName":"ListeningOnAddress"}
{"time":"2025-09-02 15:38:09.3668","event":"14","level":"INFO","logger":"Microsoft.Hosting.Lifetime","message":"Now listening on: http://localhost:5223","address":"http://localhost:5223","EventId":14,"EventName":"ListeningOnAddress"}
{"time":"2025-09-02 15:38:09.4563","event":"0","level":"INFO","logger":"Microsoft.Hosting.Lifetime","message":"Application started. Press Ctrl+C to shut down."}
{"time":"2025-09-02 15:38:09.4563","event":"0","level":"INFO","logger":"Microsoft.Hosting.Lifetime","message":"Hosting environment: Development","EnvName":"Development"}
{"time":"2025-09-02 15:38:09.4563","event":"0","level":"INFO","logger":"Microsoft.Hosting.Lifetime","message":"Content root path: C:\\Users\\Remah\\Desktop\\AST\\Projects\\LibraryManagementSystem\\LibraryManagementSystem","ContentRoot":"C:\\Users\\Remah\\Desktop\\AST\\Projects\\LibraryManagementSystem\\LibraryManagementSystem"}
{"time":"2025-09-02 15:40:53.5626","event":"0","level":"DEBUG","logger":"LibraryManagementSystem.API.Program","message":"init main"}
{"time":"2025-09-02 15:40:53.7960","event":"0","level":"INFO","logger":"LibraryManagementSystem.API.Program","message":"✅ Test log: Application started"}
{"time":"2025-09-02 15:40:54.5165","event":"14","level":"INFO","logger":"Microsoft.Hosting.Lifetime","message":"Now listening on: https://localhost:7143","address":"https://localhost:7143","EventId":14,"EventName":"ListeningOnAddress"}
{"time":"2025-09-02 15:40:54.5165","event":"14","level":"INFO","logger":"Microsoft.Hosting.Lifetime","message":"Now listening on: http://localhost:5223","address":"http://localhost:5223","EventId":14,"EventName":"ListeningOnAddress"}
{"time":"2025-09-02 15:40:54.6229","event":"0","level":"INFO","logger":"Microsoft.Hosting.Lifetime","message":"Application started. Press Ctrl+C to shut down."}
{"time":"2025-09-02 15:40:54.6229","event":"0","level":"INFO","logger":"Microsoft.Hosting.Lifetime","message":"Hosting environment: Development","EnvName":"Development"}
{"time":"2025-09-02 15:40:54.6229","event":"0","level":"INFO","logger":"Microsoft.Hosting.Lifetime","message":"Content root path: C:\\Users\\Remah\\Desktop\\AST\\Projects\\LibraryManagementSystem\\LibraryManagementSystem","ContentRoot":"C:\\Users\\Remah\\Desktop\\AST\\Projects\\LibraryManagementSystem\\LibraryManagementSystem"}
{"time":"2025-09-02 15:41:20.6454","event":"0","level":"DEBUG","logger":"LibraryManagementSystem.API.Program","message":"init main"}
{"time":"2025-09-02 15:41:20.9038","event":"0","level":"INFO","logger":"LibraryManagementSystem.API.Program","message":"✅ Test log: Application started"}
{"time":"2025-09-02 15:41:21.7367","event":"14","level":"INFO","logger":"Microsoft.Hosting.Lifetime","message":"Now listening on: https://localhost:7143","address":"https://localhost:7143","EventId":14,"EventName":"ListeningOnAddress"}
{"time":"2025-09-02 15:41:21.7367","event":"14","level":"INFO","logger":"Microsoft.Hosting.Lifetime","message":"Now listening on: http://localhost:5223","address":"http://localhost:5223","EventId":14,"EventName":"ListeningOnAddress"}
{"time":"2025-09-02 15:41:21.8110","event":"0","level":"INFO","logger":"Microsoft.Hosting.Lifetime","message":"Application started. Press Ctrl+C to shut down."}
{"time":"2025-09-02 15:41:21.8110","event":"0","level":"INFO","logger":"Microsoft.Hosting.Lifetime","message":"Hosting environment: Development","EnvName":"Development"}
{"time":"2025-09-02 15:41:21.8110","event":"0","level":"INFO","logger":"Microsoft.Hosting.Lifetime","message":"Content root path: C:\\Users\\Remah\\Desktop\\AST\\Projects\\LibraryManagementSystem\\LibraryManagementSystem","ContentRoot":"C:\\Users\\Remah\\Desktop\\AST\\Projects\\LibraryManagementSystem\\LibraryManagementSystem"}
{"time":"2025-09-02 15:54:37.0859","event":"0","level":"DEBUG","logger":"LibraryManagementSystem.API.Program","message":"init main"}
{"time":"2025-09-02 15:54:37.4153","event":"0","level":"INFO","logger":"LibraryManagementSystem.API.Program","message":"✅ Test log: Application started"}
{"time":"2025-09-02 15:54:38.4367","event":"14","level":"INFO","logger":"Microsoft.Hosting.Lifetime","message":"Now listening on: https://localhost:7143","address":"https://localhost:7143","EventId":14,"EventName":"ListeningOnAddress"}
{"time":"2025-09-02 15:54:38.4367","event":"14","level":"INFO","logger":"Microsoft.Hosting.Lifetime","message":"Now listening on: http://localhost:5223","address":"http://localhost:5223","EventId":14,"EventName":"ListeningOnAddress"}
{"time":"2025-09-02 15:54:38.5143","event":"0","level":"INFO","logger":"Microsoft.Hosting.Lifetime","message":"Application started. Press Ctrl+C to shut down."}
{"time":"2025-09-02 15:54:38.5143","event":"0","level":"INFO","logger":"Microsoft.Hosting.Lifetime","message":"Hosting environment: Development","EnvName":"Development"}
{"time":"2025-09-02 15:54:38.5143","event":"0","level":"INFO","logger":"Microsoft.Hosting.Lifetime","message":"Content root path: C:\\Users\\Remah\\Desktop\\AST\\Projects\\LibraryManagementSystem\\LibraryManagementSystem","ContentRoot":"C:\\Users\\Remah\\Desktop\\AST\\Projects\\LibraryManagementSystem\\LibraryManagementSystem"}
{"time":"2025-09-02 15:56:29.2893","event":"0","level":"DEBUG","logger":"LibraryManagementSystem.API.Program","message":"init main"}
{"time":"2025-09-02 15:56:29.5711","event":"0","level":"INFO","logger":"LibraryManagementSystem.API.Program","message":"✅ Test log: Application started"}
{"time":"2025-09-02 15:56:30.6713","event":"14","level":"INFO","logger":"Microsoft.Hosting.Lifetime","message":"Now listening on: https://localhost:7143","address":"https://localhost:7143","EventId":14,"EventName":"ListeningOnAddress"}
{"time":"2025-09-02 15:56:30.6713","event":"14","level":"INFO","logger":"Microsoft.Hosting.Lifetime","message":"Now listening on: http://localhost:5223","address":"http://localhost:5223","EventId":14,"EventName":"ListeningOnAddress"}
{"time":"2025-09-02 15:56:30.7718","event":"0","level":"INFO","logger":"Microsoft.Hosting.Lifetime","message":"Application started. Press Ctrl+C to shut down."}
{"time":"2025-09-02 15:56:30.7718","event":"0","level":"INFO","logger":"Microsoft.Hosting.Lifetime","message":"Hosting environment: Development","EnvName":"Development"}
{"time":"2025-09-02 15:56:30.7718","event":"0","level":"INFO","logger":"Microsoft.Hosting.Lifetime","message":"Content root path: C:\\Users\\Remah\\Desktop\\AST\\Projects\\LibraryManagementSystem\\LibraryManagementSystem","ContentRoot":"C:\\Users\\Remah\\Desktop\\AST\\Projects\\LibraryManagementSystem\\LibraryManagementSystem"}
{"time":"2025-09-02 16:14:09.5528","event":"0","level":"DEBUG","logger":"LibraryManagementSystem.API.Program","message":"init main"}
{"time":"2025-09-02 16:14:10.0492","event":"0","level":"INFO","logger":"LibraryManagementSystem.API.Program","message":"✅ Test log: Application started"}
{"time":"2025-09-02 16:14:11.1973","event":"0","level":"ERROR","logger":"LibraryManagementSystem.API.Program","message":"Stopped program because of exception","exception":"System.InvalidOperationException: Error while validating the service descriptor 'ServiceType: LibraryManagementSystem.API.Exceptions.GlobalExceptionHandlerMiddleWare Lifetime: Transient ImplementationType: LibraryManagementSystem.API.Exceptions.GlobalExceptionHandlerMiddleWare': Unable to resolve service for type 'Microsoft.AspNetCore.Http.RequestDelegate' while attempting to activate 'LibraryManagementSystem.API.Exceptions.GlobalExceptionHandlerMiddleWare'.\r\n ---> System.InvalidOperationException: Unable to resolve service for type 'Microsoft.AspNetCore.Http.RequestDelegate' while attempting to activate 'LibraryManagementSystem.API.Exceptions.GlobalExceptionHandlerMiddleWare'.\r\n   at Microsoft.Extensions.DependencyInjection.ServiceLookup.CallSiteFactory.CreateArgumentCallSites(ServiceIdentifier serviceIdentifier, Type implementationType, CallSiteChain callSiteChain, ParameterInfo[] parameters, Boolean throwIfCallSiteNotFound)\r\n   at Microsoft.Extensions.DependencyInjection.ServiceLookup.CallSiteFactory.CreateConstructorCallSite(ResultCache lifetime, ServiceIdentifier serviceIdentifier, Type implementationType, CallSiteChain callSiteChain)\r\n   at Microsoft.Extensions.DependencyInjection.ServiceLookup.CallSiteFactory.TryCreateExact(ServiceDescriptor descriptor, ServiceIdentifier serviceIdentifier, CallSiteChain callSiteChain, Int32 slot)\r\n   at Microsoft.Extensions.DependencyInjection.ServiceLookup.CallSiteFactory.GetCallSite(ServiceDescriptor serviceDescriptor, CallSiteChain callSiteChain)\r\n   at Microsoft.Extensions.DependencyInjection.ServiceProvider.ValidateService(ServiceDescriptor descriptor)\r\n   --- End of inner exception stack trace ---\r\n   at Microsoft.Extensions.DependencyInjection.ServiceProvider.ValidateService(ServiceDescriptor descriptor)\r\n   at Microsoft.Extensions.DependencyInjection.ServiceProvider..ctor(ICollection`1 serviceDescriptors, ServiceProviderOptions options)"}
{"time":"2025-09-02 16:14:32.7209","event":"0","level":"DEBUG","logger":"LibraryManagementSystem.API.Program","message":"init main"}
{"time":"2025-09-02 16:14:33.0021","event":"0","level":"INFO","logger":"LibraryManagementSystem.API.Program","message":"✅ Test log: Application started"}
{"time":"2025-09-02 16:14:33.4731","event":"0","level":"ERROR","logger":"LibraryManagementSystem.API.Program","message":"Stopped program because of exception","exception":"System.InvalidOperationException: Error while validating the service descriptor 'ServiceType: LibraryManagementSystem.API.Exceptions.GlobalExceptionHandlerMiddleWare Lifetime: Transient ImplementationType: LibraryManagementSystem.API.Exceptions.GlobalExceptionHandlerMiddleWare': Unable to resolve service for type 'Microsoft.AspNetCore.Http.RequestDelegate' while attempting to activate 'LibraryManagementSystem.API.Exceptions.GlobalExceptionHandlerMiddleWare'.\r\n ---> System.InvalidOperationException: Unable to resolve service for type 'Microsoft.AspNetCore.Http.RequestDelegate' while attempting to activate 'LibraryManagementSystem.API.Exceptions.GlobalExceptionHandlerMiddleWare'.\r\n   at Microsoft.Extensions.DependencyInjection.ServiceLookup.CallSiteFactory.CreateArgumentCallSites(ServiceIdentifier serviceIdentifier, Type implementationType, CallSiteChain callSiteChain, ParameterInfo[] parameters, Boolean throwIfCallSiteNotFound)\r\n   at Microsoft.Extensions.DependencyInjection.ServiceLookup.CallSiteFactory.CreateConstructorCallSite(ResultCache lifetime, ServiceIdentifier serviceIdentifier, Type implementationType, CallSiteChain callSiteChain)\r\n   at Microsoft.Extensions.DependencyInjection.ServiceLookup.CallSiteFactory.TryCreateExact(ServiceDescriptor descriptor, ServiceIdentifier serviceIdentifier, CallSiteChain callSiteChain, Int32 slot)\r\n   at Microsoft.Extensions.DependencyInjection.ServiceLookup.CallSiteFactory.GetCallSite(ServiceDescriptor serviceDescriptor, CallSiteChain callSiteChain)\r\n   at Microsoft.Extensions.DependencyInjection.ServiceProvider.ValidateService(ServiceDescriptor descriptor)\r\n   --- End of inner exception stack trace ---\r\n   at Microsoft.Extensions.DependencyInjection.ServiceProvider.ValidateService(ServiceDescriptor descriptor)\r\n   at Microsoft.Extensions.DependencyInjection.ServiceProvider..ctor(ICollection`1 serviceDescriptors, ServiceProviderOptions options)"}
{"time":"2025-09-02 16:15:40.7681","event":"0","level":"DEBUG","logger":"LibraryManagementSystem.API.Program","message":"init main"}
{"time":"2025-09-02 16:15:41.0279","event":"0","level":"INFO","logger":"LibraryManagementSystem.API.Program","message":"✅ Test log: Application started"}
{"time":"2025-09-02 16:15:41.6752","event":"0","level":"ERROR","logger":"LibraryManagementSystem.API.Program","message":"Stopped program because of exception","exception":"System.InvalidOperationException: Error while validating the service descriptor 'ServiceType: LibraryManagementSystem.API.Exceptions.GlobalExceptionHandlerMiddleWare Lifetime: Transient ImplementationType: LibraryManagementSystem.API.Exceptions.GlobalExceptionHandlerMiddleWare': Unable to resolve service for type 'Microsoft.AspNetCore.Http.RequestDelegate' while attempting to activate 'LibraryManagementSystem.API.Exceptions.GlobalExceptionHandlerMiddleWare'.\r\n ---> System.InvalidOperationException: Unable to resolve service for type 'Microsoft.AspNetCore.Http.RequestDelegate' while attempting to activate 'LibraryManagementSystem.API.Exceptions.GlobalExceptionHandlerMiddleWare'.\r\n   at Microsoft.Extensions.DependencyInjection.ServiceLookup.CallSiteFactory.CreateArgumentCallSites(ServiceIdentifier serviceIdentifier, Type implementationType, CallSiteChain callSiteChain, ParameterInfo[] parameters, Boolean throwIfCallSiteNotFound)\r\n   at Microsoft.Extensions.DependencyInjection.ServiceLookup.CallSiteFactory.CreateConstructorCallSite(ResultCache lifetime, ServiceIdentifier serviceIdentifier, Type implementationType, CallSiteChain callSiteChain)\r\n   at Microsoft.Extensions.DependencyInjection.ServiceLookup.CallSiteFactory.TryCreateExact(ServiceDescriptor descriptor, ServiceIdentifier serviceIdentifier, CallSiteChain callSiteChain, Int32 slot)\r\n   at Microsoft.Extensions.DependencyInjection.ServiceLookup.CallSiteFactory.GetCallSite(ServiceDescriptor serviceDescriptor, CallSiteChain callSiteChain)\r\n   at Microsoft.Extensions.DependencyInjection.ServiceProvider.ValidateService(ServiceDescriptor descriptor)\r\n   --- End of inner exception stack trace ---\r\n   at Microsoft.Extensions.DependencyInjection.ServiceProvider.ValidateService(ServiceDescriptor descriptor)\r\n   at Microsoft.Extensions.DependencyInjection.ServiceProvider..ctor(ICollection`1 serviceDescriptors, ServiceProviderOptions options)"}
{"time":"2025-09-02 16:17:44.8429","event":"0","level":"DEBUG","logger":"LibraryManagementSystem.API.Program","message":"init main"}
{"time":"2025-09-02 16:17:45.1656","event":"0","level":"INFO","logger":"LibraryManagementSystem.API.Program","message":"✅ Test log: Application started"}
{"time":"2025-09-02 16:17:45.6760","event":"0","level":"ERROR","logger":"LibraryManagementSystem.API.Program","message":"Stopped program because of exception","exception":"System.InvalidOperationException: Error while validating the service descriptor 'ServiceType: LibraryManagementSystem.API.Exceptions.GlobalExceptionHandlerMiddleWare Lifetime: Transient ImplementationType: LibraryManagementSystem.API.Exceptions.GlobalExceptionHandlerMiddleWare': Unable to resolve service for type 'Microsoft.AspNetCore.Http.RequestDelegate' while attempting to activate 'LibraryManagementSystem.API.Exceptions.GlobalExceptionHandlerMiddleWare'.\r\n ---> System.InvalidOperationException: Unable to resolve service for type 'Microsoft.AspNetCore.Http.RequestDelegate' while attempting to activate 'LibraryManagementSystem.API.Exceptions.GlobalExceptionHandlerMiddleWare'.\r\n   at Microsoft.Extensions.DependencyInjection.ServiceLookup.CallSiteFactory.CreateArgumentCallSites(ServiceIdentifier serviceIdentifier, Type implementationType, CallSiteChain callSiteChain, ParameterInfo[] parameters, Boolean throwIfCallSiteNotFound)\r\n   at Microsoft.Extensions.DependencyInjection.ServiceLookup.CallSiteFactory.CreateConstructorCallSite(ResultCache lifetime, ServiceIdentifier serviceIdentifier, Type implementationType, CallSiteChain callSiteChain)\r\n   at Microsoft.Extensions.DependencyInjection.ServiceLookup.CallSiteFactory.TryCreateExact(ServiceDescriptor descriptor, ServiceIdentifier serviceIdentifier, CallSiteChain callSiteChain, Int32 slot)\r\n   at Microsoft.Extensions.DependencyInjection.ServiceLookup.CallSiteFactory.GetCallSite(ServiceDescriptor serviceDescriptor, CallSiteChain callSiteChain)\r\n   at Microsoft.Extensions.DependencyInjection.ServiceProvider.ValidateService(ServiceDescriptor descriptor)\r\n   --- End of inner exception stack trace ---\r\n   at Microsoft.Extensions.DependencyInjection.ServiceProvider.ValidateService(ServiceDescriptor descriptor)\r\n   at Microsoft.Extensions.DependencyInjection.ServiceProvider..ctor(ICollection`1 serviceDescriptors, ServiceProviderOptions options)"}
{"time":"2025-09-02 16:18:20.9361","event":"0","level":"DEBUG","logger":"LibraryManagementSystem.API.Program","message":"init main"}
{"time":"2025-09-02 16:18:21.2311","event":"0","level":"INFO","logger":"LibraryManagementSystem.API.Program","message":"✅ Test log: Application started"}
{"time":"2025-09-02 16:18:21.6997","event":"0","level":"ERROR","logger":"LibraryManagementSystem.API.Program","message":"Stopped program because of exception","exception":"System.InvalidOperationException: Error while validating the service descriptor 'ServiceType: LibraryManagementSystem.API.Exceptions.GlobalExceptionHandlerMiddleWare Lifetime: Transient ImplementationType: LibraryManagementSystem.API.Exceptions.GlobalExceptionHandlerMiddleWare': Unable to resolve service for type 'Microsoft.AspNetCore.Http.RequestDelegate' while attempting to activate 'LibraryManagementSystem.API.Exceptions.GlobalExceptionHandlerMiddleWare'.\r\n ---> System.InvalidOperationException: Unable to resolve service for type 'Microsoft.AspNetCore.Http.RequestDelegate' while attempting to activate 'LibraryManagementSystem.API.Exceptions.GlobalExceptionHandlerMiddleWare'.\r\n   at Microsoft.Extensions.DependencyInjection.ServiceLookup.CallSiteFactory.CreateArgumentCallSites(ServiceIdentifier serviceIdentifier, Type implementationType, CallSiteChain callSiteChain, ParameterInfo[] parameters, Boolean throwIfCallSiteNotFound)\r\n   at Microsoft.Extensions.DependencyInjection.ServiceLookup.CallSiteFactory.CreateConstructorCallSite(ResultCache lifetime, ServiceIdentifier serviceIdentifier, Type implementationType, CallSiteChain callSiteChain)\r\n   at Microsoft.Extensions.DependencyInjection.ServiceLookup.CallSiteFactory.TryCreateExact(ServiceDescriptor descriptor, ServiceIdentifier serviceIdentifier, CallSiteChain callSiteChain, Int32 slot)\r\n   at Microsoft.Extensions.DependencyInjection.ServiceLookup.CallSiteFactory.GetCallSite(ServiceDescriptor serviceDescriptor, CallSiteChain callSiteChain)\r\n   at Microsoft.Extensions.DependencyInjection.ServiceProvider.ValidateService(ServiceDescriptor descriptor)\r\n   --- End of inner exception stack trace ---\r\n   at Microsoft.Extensions.DependencyInjection.ServiceProvider.ValidateService(ServiceDescriptor descriptor)\r\n   at Microsoft.Extensions.DependencyInjection.ServiceProvider..ctor(ICollection`1 serviceDescriptors, ServiceProviderOptions options)"}
{"time":"2025-09-02 16:21:59.5610","event":"0","level":"DEBUG","logger":"LibraryManagementSystem.API.Program","message":"init main"}
{"time":"2025-09-02 16:21:59.8829","event":"0","level":"INFO","logger":"LibraryManagementSystem.API.Program","message":"✅ Test log: Application started"}
{"time":"2025-09-02 16:22:01.2088","event":"14","level":"INFO","logger":"Microsoft.Hosting.Lifetime","message":"Now listening on: https://localhost:7143","address":"https://localhost:7143","EventId":14,"EventName":"ListeningOnAddress"}
{"time":"2025-09-02 16:22:01.2242","event":"14","level":"INFO","logger":"Microsoft.Hosting.Lifetime","message":"Now listening on: http://localhost:5223","address":"http://localhost:5223","EventId":14,"EventName":"ListeningOnAddress"}
{"time":"2025-09-02 16:22:01.3913","event":"0","level":"INFO","logger":"Microsoft.Hosting.Lifetime","message":"Application started. Press Ctrl+C to shut down."}
{"time":"2025-09-02 16:22:01.3913","event":"0","level":"INFO","logger":"Microsoft.Hosting.Lifetime","message":"Hosting environment: Development","EnvName":"Development"}
{"time":"2025-09-02 16:22:01.3913","event":"0","level":"INFO","logger":"Microsoft.Hosting.Lifetime","message":"Content root path: C:\\Users\\Remah\\Desktop\\AST\\Projects\\LibraryManagementSystem\\LibraryManagementSystem","ContentRoot":"C:\\Users\\Remah\\Desktop\\AST\\Projects\\LibraryManagementSystem\\LibraryManagementSystem"}
{"time":"2025-09-02 16:28:57.7986","event":"0","level":"DEBUG","logger":"LibraryManagementSystem.API.Program","message":"init main"}
{"time":"2025-09-02 16:28:58.2606","event":"0","level":"INFO","logger":"LibraryManagementSystem.API.Program","message":"✅ Test log: Application started"}
{"time":"2025-09-02 16:28:59.5606","event":"14","level":"INFO","logger":"Microsoft.Hosting.Lifetime","message":"Now listening on: https://localhost:7143","address":"https://localhost:7143","EventId":14,"EventName":"ListeningOnAddress"}
{"time":"2025-09-02 16:28:59.5661","event":"14","level":"INFO","logger":"Microsoft.Hosting.Lifetime","message":"Now listening on: http://localhost:5223","address":"http://localhost:5223","EventId":14,"EventName":"ListeningOnAddress"}
{"time":"2025-09-02 16:28:59.6392","event":"0","level":"INFO","logger":"Microsoft.Hosting.Lifetime","message":"Application started. Press Ctrl+C to shut down."}
{"time":"2025-09-02 16:28:59.6392","event":"0","level":"INFO","logger":"Microsoft.Hosting.Lifetime","message":"Hosting environment: Development","EnvName":"Development"}
{"time":"2025-09-02 16:28:59.6392","event":"0","level":"INFO","logger":"Microsoft.Hosting.Lifetime","message":"Content root path: C:\\Users\\Remah\\Desktop\\AST\\Projects\\LibraryManagementSystem\\LibraryManagementSystem","ContentRoot":"C:\\Users\\Remah\\Desktop\\AST\\Projects\\LibraryManagementSystem\\LibraryManagementSystem"}
{"time":"2025-09-02 16:30:30.5196","event":"0","level":"ERROR","logger":"LibraryManagementSystem.API.Exceptions.GlobalExceptionHandlerMiddleWare","message":"_ WHAT HAVE YOU DONE!!!","exception":"System.ApplicationException: This is a test exception!\r\n   at LibraryManagementSystem.API.Controllers.AuthorController.GetAllAuthorsSorted(Int32 pageNumber, Int32 pageSize) in C:\\Users\\Remah\\Desktop\\AST\\Projects\\LibraryManagementSystem\\LibraryManagementSystem\\Controllers\\AuthorController.cs:line 42\r\n   at lambda_method4(Closure, Object)\r\n   at Microsoft.AspNetCore.Mvc.Infrastructure.ActionMethodExecutor.AwaitableObjectResultExecutor.Execute(ActionContext actionContext, IActionResultTypeMapper mapper, ObjectMethodExecutor executor, Object controller, Object[] arguments)\r\n   at Microsoft.AspNetCore.Mvc.Infrastructure.ControllerActionInvoker.<InvokeActionMethodAsync>g__Logged|12_1(ControllerActionInvoker invoker)\r\n   at Microsoft.AspNetCore.Mvc.Infrastructure.ControllerActionInvoker.<InvokeNextActionFilterAsync>g__Awaited|10_0(ControllerActionInvoker invoker, Task lastTask, State next, Scope scope, Object state, Boolean isCompleted)\r\n   at Microsoft.AspNetCore.Mvc.Infrastructure.ControllerActionInvoker.Rethrow(ActionExecutedContextSealed context)\r\n   at Microsoft.AspNetCore.Mvc.Infrastructure.ControllerActionInvoker.Next(State& next, Scope& scope, Object& state, Boolean& isCompleted)\r\n   at Microsoft.AspNetCore.Mvc.Infrastructure.ControllerActionInvoker.InvokeInnerFilterAsync()\r\n--- End of stack trace from previous location ---\r\n   at Microsoft.AspNetCore.Mvc.Infrastructure.ResourceInvoker.<InvokeFilterPipelineAsync>g__Awaited|20_0(ResourceInvoker invoker, Task lastTask, State next, Scope scope, Object state, Boolean isCompleted)\r\n   at Microsoft.AspNetCore.Mvc.Infrastructure.ResourceInvoker.<InvokeAsync>g__Logged|17_1(ResourceInvoker invoker)\r\n   at Microsoft.AspNetCore.Mvc.Infrastructure.ResourceInvoker.<InvokeAsync>g__Logged|17_1(ResourceInvoker invoker)\r\n   at Microsoft.AspNetCore.Routing.EndpointMiddleware.<Invoke>g__AwaitRequestTask|7_0(Endpoint endpoint, Task requestTask, ILogger logger)\r\n   at Microsoft.AspNetCore.Authorization.AuthorizationMiddleware.Invoke(HttpContext context)\r\n   at Microsoft.AspNetCore.Authentication.AuthenticationMiddleware.Invoke(HttpContext context)\r\n   at LibraryManagementSystem.API.Exceptions.GlobalExceptionHandlerMiddleWare.InvokeAsync(HttpContext context, RequestDelegate next) in C:\\Users\\Remah\\Desktop\\AST\\Projects\\LibraryManagementSystem\\LibraryManagementSystem\\Exceptions\\GlobalExceptionHandler.cs:line 21","url":"https://localhost/api/Author/sorted","action":"GetAllAuthorsSorted"}
{"time":"2025-09-02 16:36:57.9592","event":"0","level":"DEBUG","logger":"LibraryManagementSystem.API.Program","message":"init main"}
{"time":"2025-09-02 16:36:58.2780","event":"0","level":"INFO","logger":"LibraryManagementSystem.API.Program","message":"✅ Test log: Application started"}
{"time":"2025-09-02 16:36:59.5690","event":"14","level":"INFO","logger":"Microsoft.Hosting.Lifetime","message":"Now listening on: https://localhost:7143","address":"https://localhost:7143","EventId":14,"EventName":"ListeningOnAddress"}
{"time":"2025-09-02 16:36:59.5745","event":"14","level":"INFO","logger":"Microsoft.Hosting.Lifetime","message":"Now listening on: http://localhost:5223","address":"http://localhost:5223","EventId":14,"EventName":"ListeningOnAddress"}
{"time":"2025-09-02 16:36:59.7325","event":"0","level":"INFO","logger":"Microsoft.Hosting.Lifetime","message":"Application started. Press Ctrl+C to shut down."}
{"time":"2025-09-02 16:36:59.7325","event":"0","level":"INFO","logger":"Microsoft.Hosting.Lifetime","message":"Hosting environment: Development","EnvName":"Development"}
{"time":"2025-09-02 16:36:59.7325","event":"0","level":"INFO","logger":"Microsoft.Hosting.Lifetime","message":"Content root path: C:\\Users\\Remah\\Desktop\\AST\\Projects\\LibraryManagementSystem\\LibraryManagementSystem","ContentRoot":"C:\\Users\\Remah\\Desktop\\AST\\Projects\\LibraryManagementSystem\\LibraryManagementSystem"}
{"time":"2025-09-02 16:37:35.3430","event":"0","level":"ERROR","logger":"LibraryManagementSystem.API.Exceptions.GlobalExceptionHandlerMiddleWare","message":"_ WHAT HAVE YOU DONE!!!","exception":"System.ApplicationException: This is a test exception!\r\n   at LibraryManagementSystem.API.Controllers.AuthorController.GetAllAuthorsSorted(Int32 pageNumber, Int32 pageSize) in C:\\Users\\Remah\\Desktop\\AST\\Projects\\LibraryManagementSystem\\LibraryManagementSystem\\Controllers\\AuthorController.cs:line 42\r\n   at lambda_method4(Closure, Object)\r\n   at Microsoft.AspNetCore.Mvc.Infrastructure.ActionMethodExecutor.AwaitableObjectResultExecutor.Execute(ActionContext actionContext, IActionResultTypeMapper mapper, ObjectMethodExecutor executor, Object controller, Object[] arguments)\r\n   at Microsoft.AspNetCore.Mvc.Infrastructure.ControllerActionInvoker.<InvokeActionMethodAsync>g__Logged|12_1(ControllerActionInvoker invoker)\r\n   at Microsoft.AspNetCore.Mvc.Infrastructure.ControllerActionInvoker.<InvokeNextActionFilterAsync>g__Awaited|10_0(ControllerActionInvoker invoker, Task lastTask, State next, Scope scope, Object state, Boolean isCompleted)\r\n   at Microsoft.AspNetCore.Mvc.Infrastructure.ControllerActionInvoker.Rethrow(ActionExecutedContextSealed context)\r\n   at Microsoft.AspNetCore.Mvc.Infrastructure.ControllerActionInvoker.Next(State& next, Scope& scope, Object& state, Boolean& isCompleted)\r\n   at Microsoft.AspNetCore.Mvc.Infrastructure.ControllerActionInvoker.InvokeInnerFilterAsync()\r\n--- End of stack trace from previous location ---\r\n   at Microsoft.AspNetCore.Mvc.Infrastructure.ResourceInvoker.<InvokeFilterPipelineAsync>g__Awaited|20_0(ResourceInvoker invoker, Task lastTask, State next, Scope scope, Object state, Boolean isCompleted)\r\n   at Microsoft.AspNetCore.Mvc.Infrastructure.ResourceInvoker.<InvokeAsync>g__Logged|17_1(ResourceInvoker invoker)\r\n   at Microsoft.AspNetCore.Mvc.Infrastructure.ResourceInvoker.<InvokeAsync>g__Logged|17_1(ResourceInvoker invoker)\r\n   at Microsoft.AspNetCore.Routing.EndpointMiddleware.<Invoke>g__AwaitRequestTask|7_0(Endpoint endpoint, Task requestTask, ILogger logger)\r\n   at Microsoft.AspNetCore.Authorization.AuthorizationMiddleware.Invoke(HttpContext context)\r\n   at Microsoft.AspNetCore.Authentication.AuthenticationMiddleware.Invoke(HttpContext context)\r\n   at LibraryManagementSystem.API.Exceptions.GlobalExceptionHandlerMiddleWare.InvokeAsync(HttpContext context, RequestDelegate next) in C:\\Users\\Remah\\Desktop\\AST\\Projects\\LibraryManagementSystem\\LibraryManagementSystem\\Exceptions\\GlobalExceptionHandler.cs:line 21","url":"https://localhost/api/Author/sorted","action":"GetAllAuthorsSorted"}
{"time":"2025-09-02 17:09:19.6474","event":"0","level":"DEBUG","logger":"LibraryManagementSystem.API.Program","message":"init main"}
{"time":"2025-09-02 17:09:19.7759","event":"0","level":"INFO","logger":"LibraryManagementSystem.API.Program","message":"✅ Test log: Application started"}
{"time":"2025-09-02 17:09:20.5960","event":"14","level":"INFO","logger":"Microsoft.Hosting.Lifetime","message":"Now listening on: https://localhost:7143","address":"https://localhost:7143","EventId":14,"EventName":"ListeningOnAddress"}
{"time":"2025-09-02 17:09:20.5960","event":"14","level":"INFO","logger":"Microsoft.Hosting.Lifetime","message":"Now listening on: http://localhost:5223","address":"http://localhost:5223","EventId":14,"EventName":"ListeningOnAddress"}
{"time":"2025-09-02 17:09:20.6725","event":"0","level":"INFO","logger":"Microsoft.Hosting.Lifetime","message":"Application started. Press Ctrl+C to shut down."}
{"time":"2025-09-02 17:09:20.6725","event":"0","level":"INFO","logger":"Microsoft.Hosting.Lifetime","message":"Hosting environment: Development","EnvName":"Development"}
{"time":"2025-09-02 17:09:20.6725","event":"0","level":"INFO","logger":"Microsoft.Hosting.Lifetime","message":"Content root path: C:\\Users\\Remah\\Desktop\\AST\\Projects\\LibraryManagementSystem\\LibraryManagementSystem","ContentRoot":"C:\\Users\\Remah\\Desktop\\AST\\Projects\\LibraryManagementSystem\\LibraryManagementSystem"}
{"time":"2025-09-02 17:10:17.3183","event":"0","level":"DEBUG","logger":"LibraryManagementSystem.API.Program","message":"init main"}
{"time":"2025-09-02 17:10:17.6200","event":"0","level":"INFO","logger":"LibraryManagementSystem.API.Program","message":"✅ Test log: Application started"}
{"time":"2025-09-02 17:10:18.9582","event":"14","level":"INFO","logger":"Microsoft.Hosting.Lifetime","message":"Now listening on: https://localhost:7143","address":"https://localhost:7143","EventId":14,"EventName":"ListeningOnAddress"}
{"time":"2025-09-02 17:10:18.9705","event":"14","level":"INFO","logger":"Microsoft.Hosting.Lifetime","message":"Now listening on: http://localhost:5223","address":"http://localhost:5223","EventId":14,"EventName":"ListeningOnAddress"}
{"time":"2025-09-02 17:10:19.1111","event":"0","level":"INFO","logger":"Microsoft.Hosting.Lifetime","message":"Application started. Press Ctrl+C to shut down."}
{"time":"2025-09-02 17:10:19.1111","event":"0","level":"INFO","logger":"Microsoft.Hosting.Lifetime","message":"Hosting environment: Development","EnvName":"Development"}
{"time":"2025-09-02 17:10:19.1111","event":"0","level":"INFO","logger":"Microsoft.Hosting.Lifetime","message":"Content root path: C:\\Users\\Remah\\Desktop\\AST\\Projects\\LibraryManagementSystem\\LibraryManagementSystem","ContentRoot":"C:\\Users\\Remah\\Desktop\\AST\\Projects\\LibraryManagementSystem\\LibraryManagementSystem"}
