2025-08-21 08:40:59.5662|0|DEBUG|LibraryManagementSystem.API.Program|init main 
2025-08-21 08:40:59.8607|0|INFO|LibraryManagementSystem.API.Program|✅ Test log: Application started 
2025-08-21 08:41:00.9254|12|DEBUG|Microsoft.AspNetCore.Mvc.ModelBinding.ModelBinderFactory|Registered model binder providers, in the following order: Microsoft.AspNetCore.Mvc.ModelBinding.Binders.BinderTypeModelBinderProvider, Microsoft.AspNetCore.Mvc.ModelBinding.Binders.ServicesModelBinderProvider, Microsoft.AspNetCore.Mvc.ModelBinding.Binders.BodyModelBinderProvider, Microsoft.AspNetCore.Mvc.ModelBinding.Binders.HeaderModelBinderProvider, Microsoft.AspNetCore.Mvc.ModelBinding.Binders.FloatingPointTypeModelBinderProvider, Microsoft.AspNetCore.Mvc.ModelBinding.Binders.EnumTypeModelBinderProvider, Microsoft.AspNetCore.Mvc.ModelBinding.Binders.DateTimeModelBinderProvider, Microsoft.AspNetCore.Mvc.ModelBinding.Binders.SimpleTypeModelBinderProvider, Microsoft.AspNetCore.Mvc.ModelBinding.Binders.TryParseModelBinderProvider, Microsoft.AspNetCore.Mvc.ModelBinding.Binders.CancellationTokenModelBinderProvider, Microsoft.AspNetCore.Mvc.ModelBinding.Binders.ByteArrayModelBinderProvider, Microsoft.AspNetCore.Mvc.ModelBinding.Binders.FormFileModelBinderProvider, Microsoft.AspNetCore.Mvc.ModelBinding.Binders.FormCollectionModelBinderProvider, Microsoft.AspNetCore.Mvc.ModelBinding.Binders.KeyValuePairModelBinderProvider, Microsoft.AspNetCore.Mvc.ModelBinding.Binders.DictionaryModelBinderProvider, Microsoft.AspNetCore.Mvc.ModelBinding.Binders.ArrayModelBinderProvider, Microsoft.AspNetCore.Mvc.ModelBinding.Binders.CollectionModelBinderProvider, Microsoft.AspNetCore.Mvc.ModelBinding.Binders.ComplexObjectModelBinderProvider 
2025-08-21 08:41:00.9867|1|DEBUG|Microsoft.Extensions.Hosting.Internal.Host|Hosting starting 
2025-08-21 08:41:01.0051|0|DEBUG|Microsoft.AspNetCore.Watch.BrowserRefresh.BlazorWasmHotReloadMiddleware|Middleware loaded 
2025-08-21 08:41:01.0051|0|DEBUG|Microsoft.AspNetCore.Watch.BrowserRefresh.BrowserScriptMiddleware|Middleware loaded. Script /_framework/aspnetcore-browser-refresh.js (16539 B). 
2025-08-21 08:41:01.0051|0|DEBUG|Microsoft.AspNetCore.Watch.BrowserRefresh.BrowserScriptMiddleware|Middleware loaded. Script /_framework/blazor-hotreload.js (799 B). 
2025-08-21 08:41:01.0857|7|DEBUG|Microsoft.AspNetCore.HostFiltering.HostFilteringMiddleware|Middleware configuration started with options: {AllowedHosts = *, AllowEmptyHosts = True, IncludeFailureMessage = True} 
2025-08-21 08:41:01.0857|0|DEBUG|Microsoft.AspNetCore.HostFiltering.HostFilteringMiddleware|Wildcard detected, all requests with hosts will be allowed. 
2025-08-21 08:41:01.1020|0|DEBUG|Microsoft.AspNetCore.Watch.BrowserRefresh.BrowserRefreshMiddleware|Middleware loaded: DOTNET_MODIFIABLE_ASSEMBLIES=debug, __ASPNETCORE_BROWSER_TOOLS=true 
2025-08-21 08:41:01.2255|14|INFO|Microsoft.Hosting.Lifetime|Now listening on: https://localhost:7143 
2025-08-21 08:41:01.2255|14|INFO|Microsoft.Hosting.Lifetime|Now listening on: http://localhost:5223 
2025-08-21 08:41:01.2255|13|DEBUG|Microsoft.AspNetCore.Hosting.Diagnostics|Loaded hosting startup assembly LibraryManagementSystem.API 
2025-08-21 08:41:01.2255|13|DEBUG|Microsoft.AspNetCore.Hosting.Diagnostics|Loaded hosting startup assembly Microsoft.WebTools.ApiEndpointDiscovery 
2025-08-21 08:41:01.2255|13|DEBUG|Microsoft.AspNetCore.Hosting.Diagnostics|Loaded hosting startup assembly Microsoft.AspNetCore.Watch.BrowserRefresh 
2025-08-21 08:41:01.2255|13|DEBUG|Microsoft.AspNetCore.Hosting.Diagnostics|Loaded hosting startup assembly Microsoft.WebTools.BrowserLink.Net 
2025-08-21 08:41:01.2410|2|DEBUG|Microsoft.AspNetCore.Mvc.ApiExplorer.ApiDescriptionGroupCollectionProvider|Executing API description provider 'EndpointMetadataApiDescriptionProvider' from assembly Microsoft.AspNetCore.Mvc.ApiExplorer v9.0.0.0. 
2025-08-21 08:41:01.2410|2|DEBUG|Microsoft.AspNetCore.Mvc.ApiExplorer.ApiDescriptionGroupCollectionProvider|Executing API description provider 'DefaultApiDescriptionProvider' from assembly Microsoft.AspNetCore.Mvc.ApiExplorer v9.0.0.0. 
2025-08-21 08:41:01.2986|0|INFO|Microsoft.Hosting.Lifetime|Application started. Press Ctrl+C to shut down. 
2025-08-21 08:41:01.2986|0|INFO|Microsoft.Hosting.Lifetime|Hosting environment: Development 
2025-08-21 08:41:01.2986|0|INFO|Microsoft.Hosting.Lifetime|Content root path: C:\Users\Remah\Desktop\AST\Projects\LibraryManagementSystem\LibraryManagementSystem 
2025-08-21 08:41:01.2986|2|DEBUG|Microsoft.Extensions.Hosting.Internal.Host|Hosting started 
